RUN	LLSSegmentationFilter	llssegmentationfilter	1634727966136	testInit	3.6.1
USER	LLSSegmentationFilter	START	1634727967884
USER	LLSSegmentationFilter	START	1634727967878
USER	LLSSegmentationFilter	START	1634727967885
USER	LLSSegmentationFilter	START	1634727967884
USER	LLSSegmentationFilter	START	1634727967886
REQUEST		Token	1634727967920	1634727968630	OK	 
REQUEST		Token	1634727967933	1634727968630	OK	 
REQUEST		Token	1634727967936	1634727968617	OK	 
REQUEST		Token	1634727967928	1634727968618	OK	 
REQUEST		Token	1634727967927	1634727968640	OK	 
REQUEST		Token	1634727968713	1634727969055	OK	 
REQUEST		Token	1634727968713	1634727969055	OK	 
REQUEST		Token	1634727968713	1634727969055	OK	 
REQUEST		Token	1634727968713	1634727969055	OK	 
REQUEST		Token	1634727968713	1634727969055	OK	 
REQUEST		Customers	1634727970082	1634727970223	OK	 
REQUEST		Customers	1634727970084	1634727970224	OK	 
REQUEST		Customers	1634727970082	1634727970234	OK	 
REQUEST		Customers	1634727970083	1634727970235	OK	 
REQUEST		Customers	1634727970082	1634727970235	OK	 
REQUEST		Customers	1634727970225	1634727971441	OK	 
REQUEST		Customers	1634727970237	1634727971441	OK	 
REQUEST		Customers	1634727970237	1634727971517	OK	 
REQUEST		Customers	1634727970226	1634727972115	OK	 
REQUEST		Customers	1634727970237	1634727972115	OK	 
REQUEST		Customers	1634727982450	1634727982588	OK	 
REQUEST		Customers	1634727982450	1634727982603	OK	 
REQUEST		Customers	1634727982528	1634727982677	OK	 
REQUEST		Customers	1634727982926	1634727983440	OK	 
REQUEST		Customers	1634727982926	1634727983445	OK	 
REQUEST		Customers	1634727982923	1634727983452	OK	 
REQUEST		Customers	1634727983139	1634727983458	OK	 
REQUEST		Customers	1634727983130	1634727983461	OK	 
REQUEST		svgload	1634727982606	1634727983524	OK	 
REQUEST		svgload	1634727982923	1634727983520	OK	 
REQUEST		svgload	1634727982923	1634727983524	OK	 
REQUEST		svgload	1634727982681	1634727983532	OK	 
USER	LLSSegmentationFilter	END	1634727983536
REQUEST		Customers	1634727983471	1634727983820	OK	 
REQUEST		Customers	1634727983467	1634727983912	OK	 
REQUEST		svgload	1634727983469	1634727983935	OK	 
REQUEST		svgload	1634727983467	1634727983941	OK	 
USER	LLSSegmentationFilter	END	1634727983945
REQUEST		svgload	1634727983461	1634727984163	OK	 
REQUEST		svgload	1634727983463	1634727984167	OK	 
USER	LLSSegmentationFilter	END	1634727984172
REQUEST		svgload	1634727982923	1634727984572	OK	 
REQUEST		svgload	1634727982591	1634727984573	OK	 
USER	LLSSegmentationFilter	END	1634727984576
USER	LLSSegmentationFilter	END	1634727984576
